=== ЖУРНАЛ ТОКЕНИЗАЦИИ ===
Файл: ease_prep.txt
Дата: 2025-12-18 15:07:45
Всего токенов: 228
=======================

   0:                       INT "int" на строке 1:1
   1:                      ALGO "algo" на строке 1:5
   2:                IDENTIFIER "SumarizE" на строке 1:10
   3:                    LPAREN "(" на строке 1:19
   4:                       INT "int" на строке 1:20
   5:                IDENTIFIER "a" на строке 1:24
   6:                     COMMA "," на строке 1:25
   7:                       INT "int" на строке 1:27
   8:                IDENTIFIER "b" на строке 1:31
   9:                     COMMA "," на строке 1:32
  10:                       INT "int" на строке 1:34
  11:                IDENTIFIER "c" на строке 1:38
  12:                     COMMA "," на строке 1:39
  13:                       INT "int" на строке 1:41
  14:                IDENTIFIER "d" на строке 1:45
  15:                    RPAREN ")" на строке 1:46
  16:                    LBRACE "{" на строке 2:1
  17:                       EST "est" на строке 3:1
  18:                IDENTIFIER "e" на строке 3:5
  19:                    ASSIGN "=" на строке 3:7
  20:                IDENTIFIER "a" на строке 3:9
  21:                      PLUS "+" на строке 3:11
  22:                IDENTIFIER "b" на строке 3:13
  23:                      PLUS "+" на строке 3:15
  24:                IDENTIFIER "c" на строке 3:17
  25:                      PLUS "+" на строке 3:19
  26:                IDENTIFIER "d" на строке 3:20
  27:                 SEMICOLON ";" на строке 3:21
  28:                    RETURN "return" на строке 4:1
  29:                IDENTIFIER "e" на строке 4:8
  30:                 SEMICOLON ";" на строке 4:9
  31:                    RBRACE "}" на строке 5:1
  32:                 PROCEDURE "procedure" на строке 6:1
  33:                      ALGO "algo" на строке 6:11
  34:                IDENTIFIER "sayHi" на строке 6:16
  35:                    LPAREN "(" на строке 6:22
  36:                    RPAREN ")" на строке 6:23
  37:                    LBRACE "{" на строке 7:1
  38:                  PROCLAIM "proclaim" на строке 8:1
  39:                    LPAREN "(" на строке 8:9
  40:                STRING_LIT "Hi" на строке 8:10
  41:                    RPAREN ")" на строке 8:14
  42:                 SEMICOLON ";" на строке 8:15
  43:                  PROCLAIM "proclaim" на строке 9:1
  44:                    LPAREN "(" на строке 9:9
  45:                STRING_LIT "Gleb" на строке 9:10
  46:                    RPAREN ")" на строке 9:16
  47:                 SEMICOLON ";" на строке 9:17
  48:                    RBRACE "}" на строке 10:1
  49:                      BOOL "bool" на строке 11:1
... и еще 178 токенов

